This file contains any messages produced by compilers while
running configure, to aid debugging if configure makes a mistake.

It was created by exampleInterfaces configure 1.0.0, which was
generated by GNU Autoconf 2.69.  Invocation command line was

  $ ./configure 

## --------- ##
## Platform. ##
## --------- ##

hostname = localhost.localdomain
uname -m = x86_64
uname -r = 3.10.0-1160.11.1.el7.x86_64
uname -s = Linux
uname -v = #1 SMP Fri Dec 18 16:34:56 UTC 2020

/usr/bin/uname -p = x86_64
/bin/uname -X     = unknown

/bin/arch              = x86_64
/usr/bin/arch -k       = unknown
/usr/convex/getsysinfo = unknown
/usr/bin/hostinfo      = unknown
/bin/machine           = unknown
/usr/bin/oslevel       = unknown
/bin/universe          = unknown

PATH: /usr/local/redhawk/core/bin
PATH: /sbin
PATH: /bin
PATH: /usr/bin
PATH: /usr/local/bin
PATH: /usr/local/sbin
PATH: /usr/sbin
PATH: /home/cyient/.local/bin
PATH: /home/cyient/bin
PATH: /home/cyient/.local/bin
PATH: /home/cyient/bin
PATH: /home/cyient/.local/bin
PATH: /home/cyient/bin


## ----------- ##
## Core tests. ##
## ----------- ##

configure:2340: checking for a BSD-compatible install
configure:2408: result: /bin/install -c
configure:2419: checking whether build environment is sane
configure:2474: result: yes
configure:2625: checking for a thread-safe mkdir -p
configure:2664: result: /bin/mkdir -p
configure:2671: checking for gawk
configure:2687: found /bin/gawk
configure:2698: result: gawk
configure:2709: checking whether make sets $(MAKE)
configure:2731: result: yes
configure:2760: checking whether make supports nested variables
configure:2777: result: yes
configure:2909: checking for gcc
configure:2925: found /bin/gcc
configure:2936: result: gcc
configure:3165: checking for C compiler version
configure:3174: gcc --version >&5
gcc (GCC) 4.8.5 20150623 (Red Hat 4.8.5-44)
Copyright (C) 2015 Free Software Foundation, Inc.
This is free software; see the source for copying conditions.  There is NO
warranty; not even for MERCHANTABILITY or FITNESS FOR A PARTICULAR PURPOSE.

configure:3185: $? = 0
configure:3174: gcc -v >&5
Using built-in specs.
COLLECT_GCC=gcc
COLLECT_LTO_WRAPPER=/usr/libexec/gcc/x86_64-redhat-linux/4.8.5/lto-wrapper
Target: x86_64-redhat-linux
Configured with: ../configure --prefix=/usr --mandir=/usr/share/man --infodir=/usr/share/info --with-bugurl=http://bugzilla.redhat.com/bugzilla --enable-bootstrap --enable-shared --enable-threads=posix --enable-checking=release --with-system-zlib --enable-__cxa_atexit --disable-libunwind-exceptions --enable-gnu-unique-object --enable-linker-build-id --with-linker-hash-style=gnu --enable-languages=c,c++,objc,obj-c++,java,fortran,ada,go,lto --enable-plugin --enable-initfini-array --disable-libgcj --with-isl=/builddir/build/BUILD/gcc-4.8.5-20150702/obj-x86_64-redhat-linux/isl-install --with-cloog=/builddir/build/BUILD/gcc-4.8.5-20150702/obj-x86_64-redhat-linux/cloog-install --enable-gnu-indirect-function --with-tune=generic --with-arch_32=x86-64 --build=x86_64-redhat-linux
Thread model: posix
gcc version 4.8.5 20150623 (Red Hat 4.8.5-44) (GCC) 
configure:3185: $? = 0
configure:3174: gcc -V >&5
gcc: error: unrecognized command line option '-V'
gcc: fatal error: no input files
compilation terminated.
configure:3185: $? = 4
configure:3174: gcc -qversion >&5
gcc: error: unrecognized command line option '-qversion'
gcc: fatal error: no input files
compilation terminated.
configure:3185: $? = 4
configure:3205: checking whether the C compiler works
configure:3227: gcc    conftest.c  >&5
configure:3231: $? = 0
configure:3279: result: yes
configure:3282: checking for C compiler default output file name
configure:3284: result: a.out
configure:3290: checking for suffix of executables
configure:3297: gcc -o conftest    conftest.c  >&5
configure:3301: $? = 0
configure:3323: result: 
configure:3345: checking whether we are cross compiling
configure:3353: gcc -o conftest    conftest.c  >&5
configure:3357: $? = 0
configure:3364: ./conftest
configure:3368: $? = 0
configure:3383: result: no
configure:3388: checking for suffix of object files
configure:3410: gcc -c   conftest.c >&5
configure:3414: $? = 0
configure:3435: result: o
configure:3439: checking whether we are using the GNU C compiler
configure:3458: gcc -c   conftest.c >&5
configure:3458: $? = 0
configure:3467: result: yes
configure:3476: checking whether gcc accepts -g
configure:3496: gcc -c -g  conftest.c >&5
configure:3496: $? = 0
configure:3537: result: yes
configure:3554: checking for gcc option to accept ISO C89
configure:3617: gcc  -c -g -O2  conftest.c >&5
configure:3617: $? = 0
configure:3630: result: none needed
configure:3661: checking for style of include used by make
configure:3689: result: GNU
configure:3715: checking dependency style of gcc
configure:3826: result: gcc3
configure:3899: checking for g++
configure:3915: found /bin/g++
configure:3926: result: g++
configure:3953: checking for C++ compiler version
configure:3962: g++ --version >&5
g++ (GCC) 4.8.5 20150623 (Red Hat 4.8.5-44)
Copyright (C) 2015 Free Software Foundation, Inc.
This is free software; see the source for copying conditions.  There is NO
warranty; not even for MERCHANTABILITY or FITNESS FOR A PARTICULAR PURPOSE.

configure:3973: $? = 0
configure:3962: g++ -v >&5
Using built-in specs.
COLLECT_GCC=g++
COLLECT_LTO_WRAPPER=/usr/libexec/gcc/x86_64-redhat-linux/4.8.5/lto-wrapper
Target: x86_64-redhat-linux
Configured with: ../configure --prefix=/usr --mandir=/usr/share/man --infodir=/usr/share/info --with-bugurl=http://bugzilla.redhat.com/bugzilla --enable-bootstrap --enable-shared --enable-threads=posix --enable-checking=release --with-system-zlib --enable-__cxa_atexit --disable-libunwind-exceptions --enable-gnu-unique-object --enable-linker-build-id --with-linker-hash-style=gnu --enable-languages=c,c++,objc,obj-c++,java,fortran,ada,go,lto --enable-plugin --enable-initfini-array --disable-libgcj --with-isl=/builddir/build/BUILD/gcc-4.8.5-20150702/obj-x86_64-redhat-linux/isl-install --with-cloog=/builddir/build/BUILD/gcc-4.8.5-20150702/obj-x86_64-redhat-linux/cloog-install --enable-gnu-indirect-function --with-tune=generic --with-arch_32=x86-64 --build=x86_64-redhat-linux
Thread model: posix
gcc version 4.8.5 20150623 (Red Hat 4.8.5-44) (GCC) 
configure:3973: $? = 0
configure:3962: g++ -V >&5
g++: error: unrecognized command line option '-V'
g++: fatal error: no input files
compilation terminated.
configure:3973: $? = 4
configure:3962: g++ -qversion >&5
g++: error: unrecognized command line option '-qversion'
g++: fatal error: no input files
compilation terminated.
configure:3973: $? = 4
configure:3977: checking whether we are using the GNU C++ compiler
configure:3996: g++ -c   conftest.cpp >&5
configure:3996: $? = 0
configure:4005: result: yes
configure:4014: checking whether g++ accepts -g
configure:4034: g++ -c -g  conftest.cpp >&5
configure:4034: $? = 0
configure:4075: result: yes
configure:4100: checking dependency style of g++
configure:4211: result: gcc3
configure:4256: checking build system type
configure:4270: result: x86_64-unknown-linux-gnu
configure:4290: checking host system type
configure:4303: result: x86_64-unknown-linux-gnu
configure:4344: checking how to print strings
configure:4371: result: printf
configure:4392: checking for a sed that does not truncate output
configure:4456: result: /bin/sed
configure:4474: checking for grep that handles long lines and -e
configure:4532: result: /bin/grep
configure:4537: checking for egrep
configure:4599: result: /bin/grep -E
configure:4604: checking for fgrep
configure:4666: result: /bin/grep -F
configure:4701: checking for ld used by gcc
configure:4768: result: /bin/ld
configure:4775: checking if the linker (/bin/ld) is GNU ld
configure:4790: result: yes
configure:4802: checking for BSD- or MS-compatible name lister (nm)
configure:4851: result: /bin/nm -B
configure:4981: checking the name lister (/bin/nm -B) interface
configure:4988: gcc -c -g -O2  conftest.c >&5
configure:4991: /bin/nm -B "conftest.o"
configure:4994: output
0000000000000000 B some_variable
configure:5001: result: BSD nm
configure:5004: checking whether ln -s works
configure:5008: result: yes
configure:5016: checking the maximum length of command line arguments
configure:5146: result: 1572864
configure:5163: checking whether the shell understands some XSI constructs
configure:5173: result: yes
configure:5177: checking whether the shell understands "+="
configure:5183: result: yes
configure:5218: checking how to convert x86_64-unknown-linux-gnu file names to x86_64-unknown-linux-gnu format
configure:5258: result: func_convert_file_noop
configure:5265: checking how to convert x86_64-unknown-linux-gnu file names to toolchain format
configure:5285: result: func_convert_file_noop
configure:5292: checking for /bin/ld option to reload object files
configure:5299: result: -r
configure:5373: checking for objdump
configure:5389: found /bin/objdump
configure:5400: result: objdump
configure:5432: checking how to recognize dependent libraries
configure:5634: result: pass_all
configure:5719: checking for dlltool
configure:5749: result: no
configure:5779: checking how to associate runtime and link libraries
configure:5806: result: printf %s\n
configure:5867: checking for ar
configure:5883: found /bin/ar
configure:5894: result: ar
configure:5931: checking for archiver @FILE support
configure:5948: gcc -c -g -O2  conftest.c >&5
configure:5948: $? = 0
configure:5951: ar cru libconftest.a @conftest.lst >&5
configure:5954: $? = 0
configure:5959: ar cru libconftest.a @conftest.lst >&5
ar: conftest.o: No such file or directory
configure:5962: $? = 1
configure:5974: result: @
configure:6032: checking for strip
configure:6048: found /bin/strip
configure:6059: result: strip
configure:6131: checking for ranlib
configure:6147: found /bin/ranlib
configure:6158: result: ranlib
configure:6260: checking command to parse /bin/nm -B output from gcc object
configure:6380: gcc -c -g -O2  conftest.c >&5
configure:6383: $? = 0
configure:6387: /bin/nm -B conftest.o \| sed -n -e 's/^.*[ ]\([ABCDGIRSTW][ABCDGIRSTW]*\)[ ][ ]*\([_A-Za-z][_A-Za-z0-9]*\)$/\1 \2 \2/p' | sed '/ __gnu_lto/d' \> conftest.nm
configure:6390: $? = 0
configure:6456: gcc -o conftest -g -O2   conftest.c conftstm.o >&5
configure:6459: $? = 0
configure:6497: result: ok
configure:6534: checking for sysroot
configure:6564: result: no
configure:6641: gcc -c -g -O2  conftest.c >&5
configure:6644: $? = 0
configure:6820: checking for mt
configure:6850: result: no
configure:6870: checking if : is a manifest tool
configure:6876: : '-?'
configure:6884: result: no
configure:7526: checking how to run the C preprocessor
configure:7557: gcc -E  conftest.c
configure:7557: $? = 0
configure:7571: gcc -E  conftest.c
conftest.c:11:28: fatal error: ac_nonexistent.h: No such file or directory
 #include <ac_nonexistent.h>
                            ^
compilation terminated.
configure:7571: $? = 1
configure: failed program was:
| /* confdefs.h */
| #define PACKAGE_NAME "exampleInterfaces"
| #define PACKAGE_TARNAME "exampleinterfaces"
| #define PACKAGE_VERSION "1.0.0"
| #define PACKAGE_STRING "exampleInterfaces 1.0.0"
| #define PACKAGE_BUGREPORT ""
| #define PACKAGE_URL ""
| #define PACKAGE "exampleinterfaces"
| #define VERSION "1.0.0"
| /* end confdefs.h.  */
| #include <ac_nonexistent.h>
configure:7596: result: gcc -E
configure:7616: gcc -E  conftest.c
configure:7616: $? = 0
configure:7630: gcc -E  conftest.c
conftest.c:11:28: fatal error: ac_nonexistent.h: No such file or directory
 #include <ac_nonexistent.h>
                            ^
compilation terminated.
configure:7630: $? = 1
configure: failed program was:
| /* confdefs.h */
| #define PACKAGE_NAME "exampleInterfaces"
| #define PACKAGE_TARNAME "exampleinterfaces"
| #define PACKAGE_VERSION "1.0.0"
| #define PACKAGE_STRING "exampleInterfaces 1.0.0"
| #define PACKAGE_BUGREPORT ""
| #define PACKAGE_URL ""
| #define PACKAGE "exampleinterfaces"
| #define VERSION "1.0.0"
| /* end confdefs.h.  */
| #include <ac_nonexistent.h>
configure:7659: checking for ANSI C header files
configure:7679: gcc -c -g -O2  conftest.c >&5
configure:7679: $? = 0
configure:7752: gcc -o conftest -g -O2   conftest.c  >&5
configure:7752: $? = 0
configure:7752: ./conftest
configure:7752: $? = 0
configure:7763: result: yes
configure:7776: checking for sys/types.h
configure:7776: gcc -c -g -O2  conftest.c >&5
configure:7776: $? = 0
configure:7776: result: yes
configure:7776: checking for sys/stat.h
configure:7776: gcc -c -g -O2  conftest.c >&5
configure:7776: $? = 0
configure:7776: result: yes
configure:7776: checking for stdlib.h
configure:7776: gcc -c -g -O2  conftest.c >&5
configure:7776: $? = 0
configure:7776: result: yes
configure:7776: checking for string.h
configure:7776: gcc -c -g -O2  conftest.c >&5
configure:7776: $? = 0
configure:7776: result: yes
configure:7776: checking for memory.h
configure:7776: gcc -c -g -O2  conftest.c >&5
configure:7776: $? = 0
configure:7776: result: yes
configure:7776: checking for strings.h
configure:7776: gcc -c -g -O2  conftest.c >&5
configure:7776: $? = 0
configure:7776: result: yes
configure:7776: checking for inttypes.h
configure:7776: gcc -c -g -O2  conftest.c >&5
configure:7776: $? = 0
configure:7776: result: yes
configure:7776: checking for stdint.h
configure:7776: gcc -c -g -O2  conftest.c >&5
configure:7776: $? = 0
configure:7776: result: yes
configure:7776: checking for unistd.h
configure:7776: gcc -c -g -O2  conftest.c >&5
configure:7776: $? = 0
configure:7776: result: yes
configure:7790: checking for dlfcn.h
configure:7790: gcc -c -g -O2  conftest.c >&5
configure:7790: $? = 0
configure:7790: result: yes
configure:8007: checking for objdir
configure:8022: result: .libs
configure:8293: checking if gcc supports -fno-rtti -fno-exceptions
configure:8311: gcc -c -g -O2  -fno-rtti -fno-exceptions conftest.c >&5
cc1: warning: command line option '-fno-rtti' is valid for C++/ObjC++ but not for C [enabled by default]
configure:8315: $? = 0
configure:8328: result: no
configure:8655: checking for gcc option to produce PIC
configure:8662: result: -fPIC -DPIC
configure:8670: checking if gcc PIC flag -fPIC -DPIC works
configure:8688: gcc -c -g -O2  -fPIC -DPIC -DPIC conftest.c >&5
configure:8692: $? = 0
configure:8705: result: yes
configure:8734: checking if gcc static flag -static works
configure:8762: result: no
configure:8777: checking if gcc supports -c -o file.o
configure:8798: gcc -c -g -O2  -o out/conftest2.o conftest.c >&5
configure:8802: $? = 0
configure:8824: result: yes
configure:8832: checking if gcc supports -c -o file.o
configure:8879: result: yes
configure:8912: checking whether the gcc linker (/bin/ld -m elf_x86_64) supports shared libraries
configure:10065: result: yes
configure:10102: checking whether -lc should be explicitly linked in
configure:10110: gcc -c -g -O2  conftest.c >&5
configure:10113: $? = 0
configure:10128: gcc -shared  -fPIC -DPIC conftest.o  -v -Wl,-soname -Wl,conftest -o conftest 2\>\&1 \| /bin/grep  -lc  \>/dev/null 2\>\&1
configure:10131: $? = 0
configure:10145: result: no
configure:10305: checking dynamic linker characteristics
configure:10816: gcc -o conftest -g -O2   -Wl,-rpath -Wl,/foo conftest.c  >&5
configure:10816: $? = 0
configure:11042: result: GNU/Linux ld.so
configure:11149: checking how to hardcode library paths into programs
configure:11174: result: immediate
configure:11714: checking whether stripping libraries is possible
configure:11719: result: yes
configure:11754: checking if libtool supports shared libraries
configure:11756: result: yes
configure:11759: checking whether to build shared libraries
configure:11780: result: yes
configure:11783: checking whether to build static libraries
configure:11787: result: yes
configure:11810: checking how to run the C++ preprocessor
configure:11837: g++ -E  conftest.cpp
configure:11837: $? = 0
configure:11851: g++ -E  conftest.cpp
conftest.cpp:23:28: fatal error: ac_nonexistent.h: No such file or directory
 #include <ac_nonexistent.h>
                            ^
compilation terminated.
configure:11851: $? = 1
configure: failed program was:
| /* confdefs.h */
| #define PACKAGE_NAME "exampleInterfaces"
| #define PACKAGE_TARNAME "exampleinterfaces"
| #define PACKAGE_VERSION "1.0.0"
| #define PACKAGE_STRING "exampleInterfaces 1.0.0"
| #define PACKAGE_BUGREPORT ""
| #define PACKAGE_URL ""
| #define PACKAGE "exampleinterfaces"
| #define VERSION "1.0.0"
| #define STDC_HEADERS 1
| #define HAVE_SYS_TYPES_H 1
| #define HAVE_SYS_STAT_H 1
| #define HAVE_STDLIB_H 1
| #define HAVE_STRING_H 1
| #define HAVE_MEMORY_H 1
| #define HAVE_STRINGS_H 1
| #define HAVE_INTTYPES_H 1
| #define HAVE_STDINT_H 1
| #define HAVE_UNISTD_H 1
| #define HAVE_DLFCN_H 1
| #define LT_OBJDIR ".libs/"
| /* end confdefs.h.  */
| #include <ac_nonexistent.h>
configure:11876: result: g++ -E
configure:11896: g++ -E  conftest.cpp
configure:11896: $? = 0
configure:11910: g++ -E  conftest.cpp
conftest.cpp:23:28: fatal error: ac_nonexistent.h: No such file or directory
 #include <ac_nonexistent.h>
                            ^
compilation terminated.
configure:11910: $? = 1
configure: failed program was:
| /* confdefs.h */
| #define PACKAGE_NAME "exampleInterfaces"
| #define PACKAGE_TARNAME "exampleinterfaces"
| #define PACKAGE_VERSION "1.0.0"
| #define PACKAGE_STRING "exampleInterfaces 1.0.0"
| #define PACKAGE_BUGREPORT ""
| #define PACKAGE_URL ""
| #define PACKAGE "exampleinterfaces"
| #define VERSION "1.0.0"
| #define STDC_HEADERS 1
| #define HAVE_SYS_TYPES_H 1
| #define HAVE_SYS_STAT_H 1
| #define HAVE_STDLIB_H 1
| #define HAVE_STRING_H 1
| #define HAVE_MEMORY_H 1
| #define HAVE_STRINGS_H 1
| #define HAVE_INTTYPES_H 1
| #define HAVE_STDINT_H 1
| #define HAVE_UNISTD_H 1
| #define HAVE_DLFCN_H 1
| #define LT_OBJDIR ".libs/"
| /* end confdefs.h.  */
| #include <ac_nonexistent.h>
configure:12079: checking for ld used by g++
configure:12146: result: /bin/ld -m elf_x86_64
configure:12153: checking if the linker (/bin/ld -m elf_x86_64) is GNU ld
configure:12168: result: yes
configure:12223: checking whether the g++ linker (/bin/ld -m elf_x86_64) supports shared libraries
configure:13228: result: yes
configure:13264: g++ -c -g -O2  conftest.cpp >&5
configure:13267: $? = 0
configure:13787: checking for g++ option to produce PIC
configure:13794: result: -fPIC -DPIC
configure:13802: checking if g++ PIC flag -fPIC -DPIC works
configure:13820: g++ -c -g -O2  -fPIC -DPIC -DPIC conftest.cpp >&5
configure:13824: $? = 0
configure:13837: result: yes
configure:13860: checking if g++ static flag -static works
configure:13888: result: no
configure:13900: checking if g++ supports -c -o file.o
configure:13921: g++ -c -g -O2  -o out/conftest2.o conftest.cpp >&5
configure:13925: $? = 0
configure:13947: result: yes
configure:13952: checking if g++ supports -c -o file.o
configure:13999: result: yes
configure:14029: checking whether the g++ linker (/bin/ld -m elf_x86_64) supports shared libraries
configure:14065: result: yes
configure:14206: checking dynamic linker characteristics
configure:14877: result: GNU/Linux ld.so
configure:14930: checking how to hardcode library paths into programs
configure:14955: result: immediate
configure:15052: checking for a Python interpreter with version >= 2.3
configure:15069: python -c import sys # split strings by '.' and convert to numeric. Append some zeros # because we need at least 4 digits for the hex conversion. # map returns an iterator in Python 3.0 and a list in 2.x minver = list(map(int, '2.3'.split('.'))) + [0, 0, 0] minverhex = 0 # xrange is not present in Python 3.0 and range returns an iterator for i in list(range(0, 4)): minverhex = (minverhex << 8) + minver[i] sys.exit(sys.hexversion < minverhex)
configure:15072: $? = 0
configure:15078: result: python
configure:15086: checking for python
configure:15104: found /bin/python
configure:15116: result: /bin/python
configure:15134: checking for python version
configure:15141: result: 2.7
configure:15153: checking for python platform
configure:15160: result: linux2
configure:15186: checking for python script directory
configure:15221: result: ${prefix}/lib/python2.7/site-packages
configure:15230: checking for python extension module directory
configure:15265: result: ${exec_prefix}/lib64/python2.7/site-packages
configure:15280: checking for ossie home
configure:15310: result: /usr/local/redhawk/core
configure:15317: checking to see ossie is installed
configure:15337: using /usr/local/redhawk/core as installation prefix
configure:15342: checking for python install scheme
configure:15362: result: home
configure:15417: checking for pkg-config
configure:15435: found /bin/pkg-config
configure:15447: result: /bin/pkg-config
configure:15472: checking pkg-config is at least version 0.9.0
configure:15475: result: yes
configure:15486: checking for omniORB4
configure:15492: $PKG_CONFIG --exists --print-errors "omniORB4 >= 4.0.0"
configure:15495: $? = 0
configure:15502: result: yes
configure:15544: checking for omniidl
configure:15560: found /bin/omniidl
configure:15572: result: omniidl
configure:15591: checking for OMNIORB
configure:15599: $PKG_CONFIG --exists --print-errors "omniORB4 >= 4.1.0"
configure:15602: $? = 0
configure:15617: $PKG_CONFIG --exists --print-errors "omniORB4 >= 4.1.0"
configure:15620: $? = 0
configure:15675: result: yes
configure:15681: checking for OSSIE
configure:15689: $PKG_CONFIG --exists --print-errors "ossie >= 2.0.0"
configure:15692: $? = 0
configure:15707: $PKG_CONFIG --exists --print-errors "ossie >= 2.0.0"
configure:15710: $? = 0
configure:15765: result: yes
configure:15788: checking for a valid JAVA_HOME
configure:15791: result: /usr/lib/jvm/java
configure:15803: checking for javac
configure:15821: found /usr/lib/jvm/java/bin/javac
configure:15834: result: /usr/lib/jvm/java/bin/javac
configure:15844: checking for jar
configure:15862: found /usr/lib/jvm/java/bin/jar
configure:15875: result: /usr/lib/jvm/java/bin/jar
configure:15885: checking for idlj
configure:15903: found /usr/lib/jvm/java/bin/idlj
configure:15916: result: /usr/lib/jvm/java/bin/idlj
configure:16086: checking that generated files are newer than configure
configure:16092: result: done
configure:16123: creating ./config.status

## ---------------------- ##
## Running config.status. ##
## ---------------------- ##

This file was extended by exampleInterfaces config.status 1.0.0, which was
generated by GNU Autoconf 2.69.  Invocation command line was

  CONFIG_FILES    = 
  CONFIG_HEADERS  = 
  CONFIG_LINKS    = 
  CONFIG_COMMANDS = 
  $ ./config.status 

on localhost.localdomain

config.status:1091: creating Makefile
config.status:1263: executing depfiles commands
config.status:1263: executing libtool commands

## ---------------- ##
## Cache variables. ##
## ---------------- ##

ac_cv_build=x86_64-unknown-linux-gnu
ac_cv_c_compiler_gnu=yes
ac_cv_corba_omniorb4=yes
ac_cv_cxx_compiler_gnu=yes
ac_cv_env_CCC_set=
ac_cv_env_CCC_value=
ac_cv_env_CC_set=
ac_cv_env_CC_value=
ac_cv_env_CFLAGS_set=
ac_cv_env_CFLAGS_value=
ac_cv_env_CPPFLAGS_set=
ac_cv_env_CPPFLAGS_value=
ac_cv_env_CPP_set=
ac_cv_env_CPP_value=
ac_cv_env_CXXCPP_set=
ac_cv_env_CXXCPP_value=
ac_cv_env_CXXFLAGS_set=
ac_cv_env_CXXFLAGS_value=
ac_cv_env_CXX_set=
ac_cv_env_CXX_value=
ac_cv_env_JAVA_HOME_set=
ac_cv_env_JAVA_HOME_value=
ac_cv_env_LDFLAGS_set=
ac_cv_env_LDFLAGS_value=
ac_cv_env_LIBS_set=
ac_cv_env_LIBS_value=
ac_cv_env_OMNIORB_CFLAGS_set=
ac_cv_env_OMNIORB_CFLAGS_value=
ac_cv_env_OMNIORB_LIBS_set=
ac_cv_env_OMNIORB_LIBS_value=
ac_cv_env_OSSIE_CFLAGS_set=
ac_cv_env_OSSIE_CFLAGS_value=
ac_cv_env_OSSIE_LIBS_set=
ac_cv_env_OSSIE_LIBS_value=
ac_cv_env_PKG_CONFIG_set=
ac_cv_env_PKG_CONFIG_value=
ac_cv_env_PYTHON_set=
ac_cv_env_PYTHON_value=
ac_cv_env_build_alias_set=
ac_cv_env_build_alias_value=
ac_cv_env_host_alias_set=
ac_cv_env_host_alias_value=
ac_cv_env_target_alias_set=
ac_cv_env_target_alias_value=
ac_cv_header_dlfcn_h=yes
ac_cv_header_inttypes_h=yes
ac_cv_header_memory_h=yes
ac_cv_header_stdc=yes
ac_cv_header_stdint_h=yes
ac_cv_header_stdlib_h=yes
ac_cv_header_string_h=yes
ac_cv_header_strings_h=yes
ac_cv_header_sys_stat_h=yes
ac_cv_header_sys_types_h=yes
ac_cv_header_unistd_h=yes
ac_cv_host=x86_64-unknown-linux-gnu
ac_cv_objext=o
ac_cv_path_EGREP='/bin/grep -E'
ac_cv_path_FGREP='/bin/grep -F'
ac_cv_path_GREP=/bin/grep
ac_cv_path_IDLJ=/usr/lib/jvm/java/bin/idlj
ac_cv_path_JAR=/usr/lib/jvm/java/bin/jar
ac_cv_path_JAVAC=/usr/lib/jvm/java/bin/javac
ac_cv_path_PYTHON=/bin/python
ac_cv_path_SED=/bin/sed
ac_cv_path_ac_pt_PKG_CONFIG=/bin/pkg-config
ac_cv_path_install='/bin/install -c'
ac_cv_path_mkdir=/bin/mkdir
ac_cv_prog_AWK=gawk
ac_cv_prog_CPP='gcc -E'
ac_cv_prog_CXXCPP='g++ -E'
ac_cv_prog_IDL=omniidl
ac_cv_prog_ac_ct_AR=ar
ac_cv_prog_ac_ct_CC=gcc
ac_cv_prog_ac_ct_CXX=g++
ac_cv_prog_ac_ct_OBJDUMP=objdump
ac_cv_prog_ac_ct_RANLIB=ranlib
ac_cv_prog_ac_ct_STRIP=strip
ac_cv_prog_cc_c89=
ac_cv_prog_cc_g=yes
ac_cv_prog_cxx_g=yes
ac_cv_prog_make_make_set=yes
am_cv_CC_dependencies_compiler_type=gcc3
am_cv_CXX_dependencies_compiler_type=gcc3
am_cv_make_support_nested_variables=yes
am_cv_pathless_PYTHON=python
am_cv_python_platform=linux2
am_cv_python_pyexecdir='${exec_prefix}/lib64/python2.7/site-packages'
am_cv_python_pythondir='${prefix}/lib/python2.7/site-packages'
am_cv_python_version=2.7
lt_cv_ar_at_file=@
lt_cv_archive_cmds_need_lc=no
lt_cv_deplibs_check_method=pass_all
lt_cv_file_magic_cmd='$MAGIC_CMD'
lt_cv_file_magic_test_file=
lt_cv_ld_reload_flag=-r
lt_cv_nm_interface='BSD nm'
lt_cv_objdir=.libs
lt_cv_path_LD=/bin/ld
lt_cv_path_LDCXX='/bin/ld -m elf_x86_64'
lt_cv_path_NM='/bin/nm -B'
lt_cv_path_mainfest_tool=no
lt_cv_prog_compiler_c_o=yes
lt_cv_prog_compiler_c_o_CXX=yes
lt_cv_prog_compiler_pic='-fPIC -DPIC'
lt_cv_prog_compiler_pic_CXX='-fPIC -DPIC'
lt_cv_prog_compiler_pic_works=yes
lt_cv_prog_compiler_pic_works_CXX=yes
lt_cv_prog_compiler_rtti_exceptions=no
lt_cv_prog_compiler_static_works=no
lt_cv_prog_compiler_static_works_CXX=no
lt_cv_prog_gnu_ld=yes
lt_cv_prog_gnu_ldcxx=yes
lt_cv_sharedlib_from_linklib_cmd='printf %s\n'
lt_cv_shlibpath_overrides_runpath=no
lt_cv_sys_global_symbol_pipe='sed -n -e '\''s/^.*[	 ]\([ABCDGIRSTW][ABCDGIRSTW]*\)[	 ][	 ]*\([_A-Za-z][_A-Za-z0-9]*\)$/\1 \2 \2/p'\'' | sed '\''/ __gnu_lto/d'\'''
lt_cv_sys_global_symbol_to_c_name_address='sed -n -e '\''s/^: \([^ ]*\)[ ]*$/  {\"\1\", (void *) 0},/p'\'' -e '\''s/^[ABCDGIRSTW]* \([^ ]*\) \([^ ]*\)$/  {"\2", (void *) \&\2},/p'\'''
lt_cv_sys_global_symbol_to_c_name_address_lib_prefix='sed -n -e '\''s/^: \([^ ]*\)[ ]*$/  {\"\1\", (void *) 0},/p'\'' -e '\''s/^[ABCDGIRSTW]* \([^ ]*\) \(lib[^ ]*\)$/  {"\2", (void *) \&\2},/p'\'' -e '\''s/^[ABCDGIRSTW]* \([^ ]*\) \([^ ]*\)$/  {"lib\2", (void *) \&\2},/p'\'''
lt_cv_sys_global_symbol_to_cdecl='sed -n -e '\''s/^T .* \(.*\)$/extern int \1();/p'\'' -e '\''s/^[ABCDGIRSTW]* .* \(.*\)$/extern char \1;/p'\'''
lt_cv_sys_max_cmd_len=1572864
lt_cv_to_host_file_cmd=func_convert_file_noop
lt_cv_to_tool_file_cmd=func_convert_file_noop
ossie_cv_ossie_home=/usr/local/redhawk/core
ossie_cv_pyscheme=home
pkg_cv_OMNIORB_CFLAGS='-D__x86_64__ -D__linux__ -D__OSVERSION__=2  '
pkg_cv_OMNIORB_LIBS='-lomniORB4 -lomnithread  '
pkg_cv_OSSIE_CFLAGS='-D__x86_64__ -D__linux__ -D__OSVERSION__=2 -DENABLE_EVENTS=1 -I/usr/local/redhawk/core/include -I/usr/local/redhawk/core/include/ossie -I/usr/local/redhawk/core/share/idl  '
pkg_cv_OSSIE_LIBS='-L/usr/local/redhawk/core/lib64 -lossiecf -lossieidl -lCOS4 -lomniDynamic4 -lomniORB4 -lomnithread  '

## ----------------- ##
## Output variables. ##
## ----------------- ##

ACLOCAL='${SHELL} /home/cyient/workspace/MHALJtncInterface/missing aclocal-1.13'
AMDEPBACKSLASH='\'
AMDEP_FALSE='#'
AMDEP_TRUE=''
AMTAR='$${TAR-tar}'
AM_BACKSLASH='\'
AM_DEFAULT_V='$(AM_DEFAULT_VERBOSITY)'
AM_DEFAULT_VERBOSITY='1'
AM_V='$(V)'
AR='ar'
AUTOCONF='${SHELL} /home/cyient/workspace/MHALJtncInterface/missing autoconf'
AUTOHEADER='${SHELL} /home/cyient/workspace/MHALJtncInterface/missing autoheader'
AUTOMAKE='${SHELL} /home/cyient/workspace/MHALJtncInterface/missing automake-1.13'
AWK='gawk'
CC='gcc'
CCDEPMODE='depmode=gcc3'
CFLAGS='-g -O2'
CORBA_ORB='omniORB4'
CPP='gcc -E'
CPPFLAGS=''
CXX='g++'
CXXCPP='g++ -E'
CXXDEPMODE='depmode=gcc3'
CXXFLAGS='-g -O2'
CYGPATH_W='echo'
DEFS='-DPACKAGE_NAME=\"exampleInterfaces\" -DPACKAGE_TARNAME=\"exampleinterfaces\" -DPACKAGE_VERSION=\"1.0.0\" -DPACKAGE_STRING=\"exampleInterfaces\ 1.0.0\" -DPACKAGE_BUGREPORT=\"\" -DPACKAGE_URL=\"\" -DPACKAGE=\"exampleinterfaces\" -DVERSION=\"1.0.0\" -DSTDC_HEADERS=1 -DHAVE_SYS_TYPES_H=1 -DHAVE_SYS_STAT_H=1 -DHAVE_STDLIB_H=1 -DHAVE_STRING_H=1 -DHAVE_MEMORY_H=1 -DHAVE_STRINGS_H=1 -DHAVE_INTTYPES_H=1 -DHAVE_STDINT_H=1 -DHAVE_UNISTD_H=1 -DHAVE_DLFCN_H=1 -DLT_OBJDIR=\".libs/\" -DHAVE_OMNIORB4=1'
DEPDIR='.deps'
DLLTOOL='false'
DSYMUTIL=''
DUMPBIN=''
ECHO_C=''
ECHO_N='-n'
ECHO_T=''
EGREP='/bin/grep -E'
EXEEXT=''
FGREP='/bin/grep -F'
GREP='/bin/grep'
HAVE_JAVASUPPORT_FALSE='#'
HAVE_JAVASUPPORT_TRUE=''
IDL='omniidl'
IDLJ='/usr/lib/jvm/java/bin/idlj'
INSTALL_DATA='${INSTALL} -m 644'
INSTALL_PROGRAM='${INSTALL}'
INSTALL_SCRIPT='${INSTALL}'
INSTALL_STRIP_PROGRAM='$(install_sh) -c -s'
JAR='/usr/lib/jvm/java/bin/jar'
JAVAC='/usr/lib/jvm/java/bin/javac'
JAVA_HOME='/usr/lib/jvm/java'
LD='/bin/ld -m elf_x86_64'
LDFLAGS=''
LIBOBJS=''
LIBS=''
LIBTOOL='$(SHELL) $(top_builddir)/libtool'
LIPO=''
LN_S='ln -s'
LTLIBOBJS=''
MAKEINFO='${SHELL} /home/cyient/workspace/MHALJtncInterface/missing makeinfo'
MANIFEST_TOOL=':'
MKDIR_P='/bin/mkdir -p'
NM='/bin/nm -B'
NMEDIT=''
OBJDUMP='objdump'
OBJEXT='o'
OMNIORB_CFLAGS='-D__x86_64__ -D__linux__ -D__OSVERSION__=2  '
OMNIORB_LIBS='-lomniORB4 -lomnithread  '
OSSIE_CFLAGS='-D__x86_64__ -D__linux__ -D__OSVERSION__=2 -DENABLE_EVENTS=1 -I/usr/local/redhawk/core/include -I/usr/local/redhawk/core/include/ossie -I/usr/local/redhawk/core/share/idl  '
OSSIE_HOME='/usr/local/redhawk/core'
OSSIE_LIBS='-L/usr/local/redhawk/core/lib64 -lossiecf -lossieidl -lCOS4 -lomniDynamic4 -lomniORB4 -lomnithread  '
OTOOL64=''
OTOOL=''
PACKAGE='exampleinterfaces'
PACKAGE_BUGREPORT=''
PACKAGE_NAME='exampleInterfaces'
PACKAGE_STRING='exampleInterfaces 1.0.0'
PACKAGE_TARNAME='exampleinterfaces'
PACKAGE_URL=''
PACKAGE_VERSION='1.0.0'
PATH_SEPARATOR=':'
PKG_CONFIG='/bin/pkg-config'
PYTHON='/bin/python'
PYTHON_EXEC_PREFIX='${exec_prefix}'
PYTHON_INSTALL_SCHEME='home'
PYTHON_PLATFORM='linux2'
PYTHON_PREFIX='${prefix}'
PYTHON_VERSION='2.7'
RANLIB='ranlib'
SED='/bin/sed'
SET_MAKE=''
SHELL='/bin/sh'
STRIP='strip'
VERSION='1.0.0'
ac_ct_AR='ar'
ac_ct_CC='gcc'
ac_ct_CXX='g++'
ac_ct_DUMPBIN=''
am__EXEEXT_FALSE=''
am__EXEEXT_TRUE='#'
am__fastdepCC_FALSE='#'
am__fastdepCC_TRUE=''
am__fastdepCXX_FALSE='#'
am__fastdepCXX_TRUE=''
am__include='include'
am__isrc=''
am__leading_dot='.'
am__nodep='_no'
am__quote=''
am__tar='$${TAR-tar} chof - "$$tardir"'
am__untar='$${TAR-tar} xf -'
bindir='${exec_prefix}/bin'
build='x86_64-unknown-linux-gnu'
build_alias=''
build_cpu='x86_64'
build_os='linux-gnu'
build_vendor='unknown'
datadir='${datarootdir}'
datarootdir='${prefix}/share'
docdir='${datarootdir}/doc/${PACKAGE_TARNAME}'
dvidir='${docdir}'
exec_prefix='${prefix}'
host='x86_64-unknown-linux-gnu'
host_alias=''
host_cpu='x86_64'
host_os='linux-gnu'
host_vendor='unknown'
htmldir='${docdir}'
includedir='${prefix}/include'
infodir='${datarootdir}/info'
install_sh='${SHELL} /home/cyient/workspace/MHALJtncInterface/install-sh'
libdir='${exec_prefix}/lib'
libexecdir='${exec_prefix}/libexec'
localedir='${datarootdir}/locale'
localstatedir='${prefix}/var'
mandir='${datarootdir}/man'
mkdir_p='$(MKDIR_P)'
oldincludedir='/usr/include'
pdfdir='${docdir}'
pkgpyexecdir='${pyexecdir}/exampleinterfaces'
pkgpythondir='${pythondir}/exampleinterfaces'
prefix='/usr/local/redhawk/core'
program_transform_name='s,x,x,'
psdir='${docdir}'
pyexecdir='${exec_prefix}/lib64/python2.7/site-packages'
pythondir='${prefix}/lib/python2.7/site-packages'
sbindir='${exec_prefix}/sbin'
sharedstatedir='${prefix}/com'
sysconfdir='${prefix}/etc'
target_alias=''

## ----------- ##
## confdefs.h. ##
## ----------- ##

/* confdefs.h */
#define PACKAGE_NAME "exampleInterfaces"
#define PACKAGE_TARNAME "exampleinterfaces"
#define PACKAGE_VERSION "1.0.0"
#define PACKAGE_STRING "exampleInterfaces 1.0.0"
#define PACKAGE_BUGREPORT ""
#define PACKAGE_URL ""
#define PACKAGE "exampleinterfaces"
#define VERSION "1.0.0"
#define STDC_HEADERS 1
#define HAVE_SYS_TYPES_H 1
#define HAVE_SYS_STAT_H 1
#define HAVE_STDLIB_H 1
#define HAVE_STRING_H 1
#define HAVE_MEMORY_H 1
#define HAVE_STRINGS_H 1
#define HAVE_INTTYPES_H 1
#define HAVE_STDINT_H 1
#define HAVE_UNISTD_H 1
#define HAVE_DLFCN_H 1
#define LT_OBJDIR ".libs/"
#define HAVE_OMNIORB4 1

configure: exit 0
